This file contains any messages produced by compilers while
running configure, to aid debugging if configure makes a mistake.

It was created by tango-icon-theme configure 0.8.90, which was
generated by GNU Autoconf 2.61.  Invocation command line was

  $ ./configure 

## --------- ##
## Platform. ##
## --------- ##

hostname = asger-Latitude-7390
uname -m = x86_64
uname -r = 5.4.0-74-generic
uname -s = Linux
uname -v = #83-Ubuntu SMP Sat May 8 02:35:39 UTC 2021

/usr/bin/uname -p = unknown
/bin/uname -X     = unknown

/bin/arch              = unknown
/usr/bin/arch -k       = unknown
/usr/convex/getsysinfo = unknown
/usr/bin/hostinfo      = unknown
/bin/machine           = unknown
/usr/bin/oslevel       = unknown
/bin/universe          = unknown

PATH: /home/asger/.local/bin
PATH: /usr/local/sbin
PATH: /usr/local/bin
PATH: /usr/sbin
PATH: /usr/bin
PATH: /sbin
PATH: /bin
PATH: /usr/games
PATH: /usr/local/games
PATH: /snap/bin
PATH: /home/asger/.local/bin


## ----------- ##
## Core tests. ##
## ----------- ##

configure:1825: checking for a BSD-compatible install
configure:1881: result: /usr/bin/install -c
configure:1892: checking whether build environment is sane
configure:1935: result: yes
configure:1963: checking for a thread-safe mkdir -p
configure:2002: result: /bin/mkdir -p
configure:2015: checking for gawk
configure:2045: result: no
configure:2015: checking for mawk
configure:2031: found /usr/bin/mawk
configure:2042: result: mawk
configure:2053: checking whether make sets $(MAKE)
configure:2074: result: yes
configure:2257: checking how to create a ustar tar archive
configure:2270: tar --version
tar (GNU tar) 1.30
Copyright (C) 2017 Free Software Foundation, Inc.
License GPLv3+: GNU GPL version 3 or later <https://gnu.org/licenses/gpl.html>.
This is free software: you are free to change and redistribute it.
There is NO WARRANTY, to the extent permitted by law.

Written by John Gilmore and Jay Fenlason.
configure:2273: $? = 0
configure:2313: tardir=conftest.dir && eval tar --format=ustar -chf - "$tardir" >conftest.tar
configure:2316: $? = 0
configure:2320: tar -xf - <conftest.tar
configure:2323: $? = 0
configure:2336: result: gnutar
configure:2345: checking whether NLS is requested
configure:2354: result: yes
configure:2370: checking for style of include used by make
configure:2398: result: GNU
configure:2468: checking for gcc
configure:2484: found /usr/bin/gcc
configure:2495: result: gcc
configure:2733: checking for C compiler version
configure:2740: gcc --version >&5
gcc (Ubuntu 9.3.0-17ubuntu1~20.04) 9.3.0
Copyright (C) 2019 Free Software Foundation, Inc.
This is free software; see the source for copying conditions.  There is NO
warranty; not even for MERCHANTABILITY or FITNESS FOR A PARTICULAR PURPOSE.

configure:2743: $? = 0
configure:2750: gcc -v >&5
Using built-in specs.
COLLECT_GCC=gcc
COLLECT_LTO_WRAPPER=/usr/lib/gcc/x86_64-linux-gnu/9/lto-wrapper
OFFLOAD_TARGET_NAMES=nvptx-none:hsa
OFFLOAD_TARGET_DEFAULT=1
Target: x86_64-linux-gnu
Configured with: ../src/configure -v --with-pkgversion='Ubuntu 9.3.0-17ubuntu1~20.04' --with-bugurl=file:///usr/share/doc/gcc-9/README.Bugs --enable-languages=c,ada,c++,go,brig,d,fortran,objc,obj-c++,gm2 --prefix=/usr --with-gcc-major-version-only --program-suffix=-9 --program-prefix=x86_64-linux-gnu- --enable-shared --enable-linker-build-id --libexecdir=/usr/lib --without-included-gettext --enable-threads=posix --libdir=/usr/lib --enable-nls --enable-clocale=gnu --enable-libstdcxx-debug --enable-libstdcxx-time=yes --with-default-libstdcxx-abi=new --enable-gnu-unique-object --disable-vtable-verify --enable-plugin --enable-default-pie --with-system-zlib --with-target-system-zlib=auto --enable-objc-gc=auto --enable-multiarch --disable-werror --with-arch-32=i686 --with-abi=m64 --with-multilib-list=m32,m64,mx32 --enable-multilib --with-tune=generic --enable-offload-targets=nvptx-none=/build/gcc-9-HskZEa/gcc-9-9.3.0/debian/tmp-nvptx/usr,hsa --without-cuda-driver --enable-checking=release --build=x86_64-linux-gnu --host=x86_64-linux-gnu --target=x86_64-linux-gnu
Thread model: posix
gcc version 9.3.0 (Ubuntu 9.3.0-17ubuntu1~20.04) 
configure:2753: $? = 0
configure:2760: gcc -V >&5
gcc: error: unrecognized command line option '-V'
gcc: fatal error: no input files
compilation terminated.
configure:2763: $? = 1
configure:2786: checking for C compiler default output file name
configure:2813: gcc    conftest.c  >&5
configure:2816: $? = 0
configure:2854: result: a.out
configure:2871: checking whether the C compiler works
configure:2881: ./a.out
configure:2884: $? = 0
configure:2901: result: yes
configure:2908: checking whether we are cross compiling
configure:2910: result: no
configure:2913: checking for suffix of executables
configure:2920: gcc -o conftest    conftest.c  >&5
configure:2923: $? = 0
configure:2947: result: 
configure:2953: checking for suffix of object files
configure:2979: gcc -c   conftest.c >&5
configure:2982: $? = 0
configure:3005: result: o
configure:3009: checking whether we are using the GNU C compiler
configure:3038: gcc -c   conftest.c >&5
configure:3044: $? = 0
configure:3061: result: yes
configure:3066: checking whether gcc accepts -g
configure:3096: gcc -c -g  conftest.c >&5
configure:3102: $? = 0
configure:3201: result: yes
configure:3218: checking for gcc option to accept ISO C89
configure:3292: gcc  -c -g -O2  conftest.c >&5
configure:3298: $? = 0
configure:3321: result: none needed
configure:3341: checking dependency style of gcc
configure:3432: result: none
configure:3461: checking for intltool >= 0.33
configure:3468: result: 0.51.0 found
configure:3478: checking for intltool-update
configure:3496: found /usr/bin/intltool-update
configure:3508: result: /usr/bin/intltool-update
configure:3518: checking for intltool-merge
configure:3536: found /usr/bin/intltool-merge
configure:3548: result: /usr/bin/intltool-merge
configure:3558: checking for intltool-extract
configure:3576: found /usr/bin/intltool-extract
configure:3588: result: /usr/bin/intltool-extract
configure:3721: checking for xgettext
configure:3739: found /usr/bin/xgettext
configure:3751: result: /usr/bin/xgettext
configure:3761: checking for msgmerge
configure:3779: found /usr/bin/msgmerge
configure:3791: result: /usr/bin/msgmerge
configure:3801: checking for msgfmt
configure:3819: found /usr/bin/msgfmt
configure:3831: result: /usr/bin/msgfmt
configure:3841: checking for gmsgfmt
configure:3872: result: /usr/bin/msgfmt
configure:3896: checking for perl
configure:3914: found /usr/bin/perl
configure:3926: result: /usr/bin/perl
configure:3939: checking for perl >= 5.8.1
configure:3948: result: 5.30.0
configure:3952: checking for XML::Parser
configure:3955: result: ok
configure:3992: gcc -o conftest -g -O2   conftest.c  >&5
configure:3998: $? = 0
configure:4162: checking for pkg-config
configure:4180: found /usr/bin/pkg-config
configure:4192: result: /usr/bin/pkg-config
configure:4221: checking pkg-config is at least version 0.19
configure:4224: result: yes
configure:4243: checking how to run the C preprocessor
configure:4283: gcc -E  conftest.c
configure:4289: $? = 0
configure:4320: gcc -E  conftest.c
conftest.c:10:10: fatal error: ac_nonexistent.h: No such file or directory
   10 | #include <ac_nonexistent.h>
      |          ^~~~~~~~~~~~~~~~~~
compilation terminated.
configure:4326: $? = 1
configure: failed program was:
| /* confdefs.h.  */
| #define PACKAGE_NAME "tango-icon-theme"
| #define PACKAGE_TARNAME "tango-icon-theme"
| #define PACKAGE_VERSION "0.8.90"
| #define PACKAGE_STRING "tango-icon-theme 0.8.90"
| #define PACKAGE_BUGREPORT ""
| #define PACKAGE "tango-icon-theme"
| #define VERSION "0.8.90"
| /* end confdefs.h.  */
| #include <ac_nonexistent.h>
configure:4359: result: gcc -E
configure:4388: gcc -E  conftest.c
configure:4394: $? = 0
configure:4425: gcc -E  conftest.c
conftest.c:10:10: fatal error: ac_nonexistent.h: No such file or directory
   10 | #include <ac_nonexistent.h>
      |          ^~~~~~~~~~~~~~~~~~
compilation terminated.
configure:4431: $? = 1
configure: failed program was:
| /* confdefs.h.  */
| #define PACKAGE_NAME "tango-icon-theme"
| #define PACKAGE_TARNAME "tango-icon-theme"
| #define PACKAGE_VERSION "0.8.90"
| #define PACKAGE_STRING "tango-icon-theme 0.8.90"
| #define PACKAGE_BUGREPORT ""
| #define PACKAGE "tango-icon-theme"
| #define VERSION "0.8.90"
| /* end confdefs.h.  */
| #include <ac_nonexistent.h>
configure:4469: checking for grep that handles long lines and -e
configure:4543: result: /bin/grep
configure:4548: checking for egrep
configure:4626: result: /bin/grep -E
configure:4631: checking for ANSI C header files
configure:4661: gcc -c -g -O2  conftest.c >&5
configure:4667: $? = 0
configure:4766: gcc -o conftest -g -O2   conftest.c  >&5
configure:4769: $? = 0
configure:4775: ./conftest
configure:4778: $? = 0
configure:4795: result: yes
configure:4819: checking for sys/types.h
configure:4840: gcc -c -g -O2  conftest.c >&5
configure:4846: $? = 0
configure:4862: result: yes
configure:4819: checking for sys/stat.h
configure:4840: gcc -c -g -O2  conftest.c >&5
configure:4846: $? = 0
configure:4862: result: yes
configure:4819: checking for stdlib.h
configure:4840: gcc -c -g -O2  conftest.c >&5
configure:4846: $? = 0
configure:4862: result: yes
configure:4819: checking for string.h
configure:4840: gcc -c -g -O2  conftest.c >&5
configure:4846: $? = 0
configure:4862: result: yes
configure:4819: checking for memory.h
configure:4840: gcc -c -g -O2  conftest.c >&5
configure:4846: $? = 0
configure:4862: result: yes
configure:4819: checking for strings.h
configure:4840: gcc -c -g -O2  conftest.c >&5
configure:4846: $? = 0
configure:4862: result: yes
configure:4819: checking for inttypes.h
configure:4840: gcc -c -g -O2  conftest.c >&5
configure:4846: $? = 0
configure:4862: result: yes
configure:4819: checking for stdint.h
configure:4840: gcc -c -g -O2  conftest.c >&5
configure:4846: $? = 0
configure:4862: result: yes
configure:4819: checking for unistd.h
configure:4840: gcc -c -g -O2  conftest.c >&5
configure:4846: $? = 0
configure:4862: result: yes
configure:4890: checking locale.h usability
configure:4907: gcc -c -g -O2  conftest.c >&5
configure:4913: $? = 0
configure:4927: result: yes
configure:4931: checking locale.h presence
configure:4946: gcc -E  conftest.c
configure:4952: $? = 0
configure:4966: result: yes
configure:4994: checking for locale.h
configure:5002: result: yes
configure:5016: checking for LC_MESSAGES
configure:5042: gcc -o conftest -g -O2   conftest.c  >&5
configure:5048: $? = 0
configure:5065: result: yes
configure:5094: checking libintl.h usability
configure:5111: gcc -c -g -O2  conftest.c >&5
configure:5117: $? = 0
configure:5131: result: yes
configure:5135: checking libintl.h presence
configure:5150: gcc -E  conftest.c
configure:5156: $? = 0
configure:5170: result: yes
configure:5198: checking for libintl.h
configure:5205: result: yes
configure:5216: checking for ngettext in libc
configure:5244: gcc -o conftest -g -O2   conftest.c  >&5
configure:5250: $? = 0
configure:5268: result: yes
configure:5272: checking for dgettext in libc
configure:5300: gcc -o conftest -g -O2   conftest.c  >&5
configure:5306: $? = 0
configure:5324: result: yes
configure:5333: checking for bind_textdomain_codeset
configure:5389: gcc -o conftest -g -O2   conftest.c  >&5
configure:5395: $? = 0
configure:5413: result: yes
configure:5900: checking for msgfmt
configure:5927: result: /usr/bin/msgfmt
configure:5940: checking for dcgettext
configure:5996: gcc -o conftest -g -O2   conftest.c   >&5
conftest.c:47:6: warning: conflicting types for built-in function 'dcgettext'; expected 'char *(const char *, const char *, int)' [-Wbuiltin-declaration-mismatch]
   47 | char dcgettext ();
      |      ^~~~~~~~~
configure:6002: $? = 0
configure:6020: result: yes
configure:6031: checking if msgfmt accepts -c
configure:6046: $MSGFMT -c -o /dev/null conftest.foo
conftest.foo:3: warning: header field 'Language' missing in header
configure:6049: $? = 0
configure:6051: result: yes
configure:6061: checking for gmsgfmt
configure:6092: result: /usr/bin/msgfmt
configure:6102: checking for xgettext
configure:6129: result: /usr/bin/xgettext
configure:6158: gcc -o conftest -g -O2   conftest.c   >&5
configure:6164: $? = 0
configure:6406: checking icon-naming-utils >= 0.8.90
configure:6409: $PKG_CONFIG --exists --print-errors "icon-naming-utils >= $UTILS_REQUIRED"
configure:6412: $? = 0
configure:6422: result: yes
configure:6453: $PKG_CONFIG --exists --print-errors "ImageMagick >= 5.5.7"
Package ImageMagick was not found in the pkg-config search path.
Perhaps you should add the directory containing `ImageMagick.pc'
to the PKG_CONFIG_PATH environment variable
No package 'ImageMagick' found
configure:6456: $? = 1
configure:6461: $PKG_CONFIG --exists --print-errors "GraphicsMagick >= 1.1"
configure:6464: $? = 0
configure:6474: checking for convert
configure:6492: found /usr/bin/convert
configure:6504: result: /usr/bin/convert
configure:6538: checking SVG to PNG conversion method
configure:6606: result: none
configure:6776: creating ./config.status

## ---------------------- ##
## Running config.status. ##
## ---------------------- ##

This file was extended by tango-icon-theme config.status 0.8.90, which was
generated by GNU Autoconf 2.61.  Invocation command line was

  CONFIG_FILES    = 
  CONFIG_HEADERS  = 
  CONFIG_LINKS    = 
  CONFIG_COMMANDS = 
  $ ./config.status 

on asger-Latitude-7390

config.status:721: creating Makefile
config.status:721: creating 16x16/Makefile
config.status:721: creating 16x16/actions/Makefile
config.status:721: creating 16x16/animations/Makefile
config.status:721: creating 16x16/apps/Makefile
config.status:721: creating 16x16/categories/Makefile
config.status:721: creating 16x16/devices/Makefile
config.status:721: creating 16x16/emblems/Makefile
config.status:721: creating 16x16/emotes/Makefile
config.status:721: creating 16x16/mimetypes/Makefile
config.status:721: creating 16x16/places/Makefile
config.status:721: creating 16x16/status/Makefile
config.status:721: creating 22x22/Makefile
config.status:721: creating 22x22/actions/Makefile
config.status:721: creating 22x22/animations/Makefile
config.status:721: creating 22x22/apps/Makefile
config.status:721: creating 22x22/categories/Makefile
config.status:721: creating 22x22/devices/Makefile
config.status:721: creating 22x22/emblems/Makefile
config.status:721: creating 22x22/emotes/Makefile
config.status:721: creating 22x22/mimetypes/Makefile
config.status:721: creating 22x22/places/Makefile
config.status:721: creating 22x22/status/Makefile
config.status:721: creating 32x32/Makefile
config.status:721: creating 32x32/actions/Makefile
config.status:721: creating 32x32/animations/Makefile
config.status:721: creating 32x32/apps/Makefile
config.status:721: creating 32x32/categories/Makefile
config.status:721: creating 32x32/devices/Makefile
config.status:721: creating 32x32/emblems/Makefile
config.status:721: creating 32x32/emotes/Makefile
config.status:721: creating 32x32/mimetypes/Makefile
config.status:721: creating 32x32/places/Makefile
config.status:721: creating 32x32/status/Makefile
config.status:721: creating scalable/Makefile
config.status:721: creating scalable/actions/Makefile
config.status:721: creating scalable/apps/Makefile
config.status:721: creating scalable/categories/Makefile
config.status:721: creating scalable/devices/Makefile
config.status:721: creating scalable/emblems/Makefile
config.status:721: creating scalable/emotes/Makefile
config.status:721: creating scalable/mimetypes/Makefile
config.status:721: creating scalable/places/Makefile
config.status:721: creating scalable/status/Makefile
config.status:721: creating po/Makefile.in
config.status:721: creating svg2png.sh
config.status:912: executing depfiles commands
config.status:912: executing default-1 commands
config.status:912: executing po/stamp-it commands

## ---------------- ##
## Cache variables. ##
## ---------------- ##

ac_cv_c_compiler_gnu=yes
ac_cv_env_CC_set=
ac_cv_env_CC_value=
ac_cv_env_CFLAGS_set=
ac_cv_env_CFLAGS_value=
ac_cv_env_CPPFLAGS_set=
ac_cv_env_CPPFLAGS_value=
ac_cv_env_CPP_set=
ac_cv_env_CPP_value=
ac_cv_env_LDFLAGS_set=
ac_cv_env_LDFLAGS_value=
ac_cv_env_LIBS_set=
ac_cv_env_LIBS_value=
ac_cv_env_PKG_CONFIG_set=
ac_cv_env_PKG_CONFIG_value=
ac_cv_env_build_alias_set=
ac_cv_env_build_alias_value=
ac_cv_env_host_alias_set=
ac_cv_env_host_alias_value=
ac_cv_env_target_alias_set=
ac_cv_env_target_alias_value=
ac_cv_func_bind_textdomain_codeset=yes
ac_cv_func_dcgettext=yes
ac_cv_header_inttypes_h=yes
ac_cv_header_libintl_h=yes
ac_cv_header_locale_h=yes
ac_cv_header_memory_h=yes
ac_cv_header_stdc=yes
ac_cv_header_stdint_h=yes
ac_cv_header_stdlib_h=yes
ac_cv_header_string_h=yes
ac_cv_header_strings_h=yes
ac_cv_header_sys_stat_h=yes
ac_cv_header_sys_types_h=yes
ac_cv_header_unistd_h=yes
ac_cv_objext=o
ac_cv_path_CONVERT=/usr/bin/convert
ac_cv_path_EGREP='/bin/grep -E'
ac_cv_path_GMSGFMT=/usr/bin/msgfmt
ac_cv_path_GREP=/bin/grep
ac_cv_path_INTLTOOL_EXTRACT=/usr/bin/intltool-extract
ac_cv_path_INTLTOOL_MERGE=/usr/bin/intltool-merge
ac_cv_path_INTLTOOL_PERL=/usr/bin/perl
ac_cv_path_INTLTOOL_UPDATE=/usr/bin/intltool-update
ac_cv_path_MSGFMT=/usr/bin/msgfmt
ac_cv_path_MSGMERGE=/usr/bin/msgmerge
ac_cv_path_XGETTEXT=/usr/bin/xgettext
ac_cv_path_ac_pt_PKG_CONFIG=/usr/bin/pkg-config
ac_cv_path_install='/usr/bin/install -c'
ac_cv_path_mkdir=/bin/mkdir
ac_cv_prog_AWK=mawk
ac_cv_prog_CPP='gcc -E'
ac_cv_prog_ac_ct_CC=gcc
ac_cv_prog_cc_c89=
ac_cv_prog_cc_g=yes
ac_cv_prog_make_make_set=yes
am_cv_CC_dependencies_compiler_type=none
am_cv_prog_tar_ustar=gnutar
am_cv_val_LC_MESSAGES=yes
gt_cv_func_dgettext_libc=yes
gt_cv_func_dgettext_libintl=no
gt_cv_func_ngettext_libc=yes
gt_cv_have_gettext=yes

## ----------------- ##
## Output variables. ##
## ----------------- ##

ACLOCAL='${SHELL} /home/asger/Downloads/tango-icon-theme-master/missing --run aclocal-1.10'
ACLOCAL_AMFLAGS='${ACLOCAL_FLAGS}'
ALL_LINGUAS=''
AMDEPBACKSLASH='\'
AMDEP_FALSE='#'
AMDEP_TRUE=''
AMTAR='${SHELL} /home/asger/Downloads/tango-icon-theme-master/missing --run tar'
AUTOCONF='${SHELL} /home/asger/Downloads/tango-icon-theme-master/missing --run autoconf'
AUTOHEADER='${SHELL} /home/asger/Downloads/tango-icon-theme-master/missing --run autoheader'
AUTOMAKE='${SHELL} /home/asger/Downloads/tango-icon-theme-master/missing --run automake-1.10'
AWK='mawk'
CATALOGS=''
CATOBJEXT='.gmo'
CC='gcc'
CCDEPMODE='depmode=none'
CFLAGS='-g -O2'
CONVERT='/usr/bin/convert -bordercolor Transparent -border 1x1'
CPP='gcc -E'
CPPFLAGS=''
CYGPATH_W='echo'
DATADIRNAME='share'
DEFS='-DPACKAGE_NAME=\"tango-icon-theme\" -DPACKAGE_TARNAME=\"tango-icon-theme\" -DPACKAGE_VERSION=\"0.8.90\" -DPACKAGE_STRING=\"tango-icon-theme\ 0.8.90\" -DPACKAGE_BUGREPORT=\"\" -DPACKAGE=\"tango-icon-theme\" -DVERSION=\"0.8.90\" -DSTDC_HEADERS=1 -DHAVE_SYS_TYPES_H=1 -DHAVE_SYS_STAT_H=1 -DHAVE_STDLIB_H=1 -DHAVE_STRING_H=1 -DHAVE_MEMORY_H=1 -DHAVE_STRINGS_H=1 -DHAVE_INTTYPES_H=1 -DHAVE_STDINT_H=1 -DHAVE_UNISTD_H=1 -DHAVE_LOCALE_H=1 -DHAVE_LC_MESSAGES=1 -DHAVE_BIND_TEXTDOMAIN_CODESET=1 -DHAVE_GETTEXT=1 -DHAVE_DCGETTEXT=1 -DENABLE_NLS=1'
DEPDIR='.deps'
ECHO_C=''
ECHO_N='-n'
ECHO_T=''
EGREP='/bin/grep -E'
ENABLE_ICON_FRAMING_FALSE='#'
ENABLE_ICON_FRAMING_TRUE=''
ENABLE_LARGE_BITMAPS_FALSE=''
ENABLE_LARGE_BITMAPS_TRUE='#'
EXEEXT=''
GETTEXT_PACKAGE='tango-icon-theme'
GMOFILES=''
GMSGFMT='/usr/bin/msgfmt'
GREP='/bin/grep'
ICONMAP='/usr/lib/icon-naming-utils/icon-name-mapping'
INSTALL_DATA='${INSTALL} -m 644'
INSTALL_PROGRAM='${INSTALL}'
INSTALL_SCRIPT='${INSTALL}'
INSTALL_STRIP_PROGRAM='$(install_sh) -c -s'
INSTOBJEXT='.mo'
INTLLIBS=''
INTLTOOL_CAVES_RULE='%.caves:     %.caves.in     $(INTLTOOL_MERGE) $(wildcard $(top_srcdir)/po/*.po) ; LC_ALL=C $(INTLTOOL_MERGE) -d -u -c $(top_builddir)/po/.intltool-merge-cache $(top_srcdir)/po $< $@'
INTLTOOL_DESKTOP_RULE='%.desktop:   %.desktop.in   $(INTLTOOL_MERGE) $(wildcard $(top_srcdir)/po/*.po) ; LC_ALL=C $(INTLTOOL_MERGE) -d -u -c $(top_builddir)/po/.intltool-merge-cache $(top_srcdir)/po $< $@'
INTLTOOL_DIRECTORY_RULE='%.directory: %.directory.in $(INTLTOOL_MERGE) $(wildcard $(top_srcdir)/po/*.po) ; LC_ALL=C $(INTLTOOL_MERGE) -d -u -c $(top_builddir)/po/.intltool-merge-cache $(top_srcdir)/po $< $@'
INTLTOOL_EXTRACT='/usr/bin/intltool-extract'
INTLTOOL_KBD_RULE='%.kbd:       %.kbd.in       $(INTLTOOL_MERGE) $(wildcard $(top_srcdir)/po/*.po) ; LC_ALL=C $(INTLTOOL_MERGE) -x -u -m -c $(top_builddir)/po/.intltool-merge-cache $(top_srcdir)/po $< $@'
INTLTOOL_KEYS_RULE='%.keys:      %.keys.in      $(INTLTOOL_MERGE) $(wildcard $(top_srcdir)/po/*.po) ; LC_ALL=C $(INTLTOOL_MERGE) -k -u -c $(top_builddir)/po/.intltool-merge-cache $(top_srcdir)/po $< $@'
INTLTOOL_MERGE='/usr/bin/intltool-merge'
INTLTOOL_OAF_RULE='%.oaf:       %.oaf.in       $(INTLTOOL_MERGE) $(wildcard $(top_srcdir)/po/*.po) ; LC_ALL=C $(INTLTOOL_MERGE) -o -p $(top_srcdir)/po $< $@'
INTLTOOL_PERL='/usr/bin/perl'
INTLTOOL_POLICY_RULE='%.policy:    %.policy.in    $(INTLTOOL_MERGE) $(wildcard $(top_srcdir)/po/*.po) ; LC_ALL=C $(INTLTOOL_MERGE) -x -u -c $(top_builddir)/po/.intltool-merge-cache $(top_srcdir)/po $< $@'
INTLTOOL_PONG_RULE='%.pong:      %.pong.in      $(INTLTOOL_MERGE) $(wildcard $(top_srcdir)/po/*.po) ; LC_ALL=C $(INTLTOOL_MERGE) -x -u -c $(top_builddir)/po/.intltool-merge-cache $(top_srcdir)/po $< $@'
INTLTOOL_PROP_RULE='%.prop:      %.prop.in      $(INTLTOOL_MERGE) $(wildcard $(top_srcdir)/po/*.po) ; LC_ALL=C $(INTLTOOL_MERGE) -d -u -c $(top_builddir)/po/.intltool-merge-cache $(top_srcdir)/po $< $@'
INTLTOOL_SCHEMAS_RULE='%.schemas:   %.schemas.in   $(INTLTOOL_MERGE) $(wildcard $(top_srcdir)/po/*.po) ; LC_ALL=C $(INTLTOOL_MERGE) -s -u -c $(top_builddir)/po/.intltool-merge-cache $(top_srcdir)/po $< $@'
INTLTOOL_SERVER_RULE='%.server:    %.server.in    $(INTLTOOL_MERGE) $(wildcard $(top_srcdir)/po/*.po) ; LC_ALL=C $(INTLTOOL_MERGE) -o -u -c $(top_builddir)/po/.intltool-merge-cache $(top_srcdir)/po $< $@'
INTLTOOL_SERVICE_RULE='%.service: %.service.in   $(INTLTOOL_MERGE) $(wildcard $(top_srcdir)/po/*.po) ; LC_ALL=C $(INTLTOOL_MERGE) -d -u -c $(top_builddir)/po/.intltool-merge-cache $(top_srcdir)/po $< $@'
INTLTOOL_SHEET_RULE='%.sheet:     %.sheet.in     $(INTLTOOL_MERGE) $(wildcard $(top_srcdir)/po/*.po) ; LC_ALL=C $(INTLTOOL_MERGE) -x -u -c $(top_builddir)/po/.intltool-merge-cache $(top_srcdir)/po $< $@'
INTLTOOL_SOUNDLIST_RULE='%.soundlist: %.soundlist.in $(INTLTOOL_MERGE) $(wildcard $(top_srcdir)/po/*.po) ; LC_ALL=C $(INTLTOOL_MERGE) -d -u -c $(top_builddir)/po/.intltool-merge-cache $(top_srcdir)/po $< $@'
INTLTOOL_THEME_RULE='%.theme:     %.theme.in     $(INTLTOOL_MERGE) $(wildcard $(top_srcdir)/po/*.po) ; LC_ALL=C $(INTLTOOL_MERGE) -d -u -c $(top_builddir)/po/.intltool-merge-cache $(top_srcdir)/po $< $@'
INTLTOOL_UI_RULE='%.ui:        %.ui.in        $(INTLTOOL_MERGE) $(wildcard $(top_srcdir)/po/*.po) ; LC_ALL=C $(INTLTOOL_MERGE) -x -u -c $(top_builddir)/po/.intltool-merge-cache $(top_srcdir)/po $< $@'
INTLTOOL_UPDATE='/usr/bin/intltool-update'
INTLTOOL_XAM_RULE='%.xam:       %.xml.in       $(INTLTOOL_MERGE) $(wildcard $(top_srcdir)/po/*.po) ; LC_ALL=C $(INTLTOOL_MERGE) -x -u -c $(top_builddir)/po/.intltool-merge-cache $(top_srcdir)/po $< $@'
INTLTOOL_XML_NOMERGE_RULE='%.xml:       %.xml.in       $(INTLTOOL_MERGE) ; LC_ALL=C $(INTLTOOL_MERGE) -x -u /tmp $< $@'
INTLTOOL_XML_RULE='%.xml:       %.xml.in       $(INTLTOOL_MERGE) $(wildcard $(top_srcdir)/po/*.po) ; LC_ALL=C $(INTLTOOL_MERGE) -x -u -c $(top_builddir)/po/.intltool-merge-cache $(top_srcdir)/po $< $@'
LDFLAGS=''
LIBOBJS=''
LIBS=''
LTLIBOBJS=''
MAKEINFO='${SHELL} /home/asger/Downloads/tango-icon-theme-master/missing --run makeinfo'
MKINSTALLDIRS='./mkinstalldirs'
MSGFMT='/usr/bin/msgfmt'
MSGFMT_OPTS='-c'
MSGMERGE='/usr/bin/msgmerge'
OBJEXT='o'
PACKAGE='tango-icon-theme'
PACKAGE_BUGREPORT=''
PACKAGE_NAME='tango-icon-theme'
PACKAGE_STRING='tango-icon-theme 0.8.90'
PACKAGE_TARNAME='tango-icon-theme'
PACKAGE_VERSION='0.8.90'
PATH_SEPARATOR=':'
PKG_CONFIG='/usr/bin/pkg-config'
POFILES=''
POSUB='po'
PO_IN_DATADIR_FALSE=''
PO_IN_DATADIR_TRUE=''
SET_MAKE=''
SHELL='/bin/bash'
STRIP=''
SVGCONVERT=''
USE_NLS='yes'
VERSION='0.8.90'
XGETTEXT='/usr/bin/xgettext'
ac_ct_CC='gcc'
am__fastdepCC_FALSE=''
am__fastdepCC_TRUE='#'
am__include='include'
am__isrc=''
am__leading_dot='.'
am__quote=''
am__tar='tar --format=ustar -chf - "$$tardir"'
am__untar='tar -xf -'
bindir='${exec_prefix}/bin'
build_alias=''
datadir='${datarootdir}'
datarootdir='${prefix}/share'
docdir='${datarootdir}/doc/${PACKAGE_TARNAME}'
dvidir='${docdir}'
exec_prefix='${prefix}'
host_alias=''
htmldir='${docdir}'
includedir='${prefix}/include'
infodir='${datarootdir}/info'
install_sh='$(SHELL) /home/asger/Downloads/tango-icon-theme-master/install-sh'
libdir='${exec_prefix}/lib'
libexecdir='${exec_prefix}/libexec'
localedir='${prefix}/${DATADIRNAME}/locale'
localstatedir='${prefix}/var'
mandir='${datarootdir}/man'
mkdir_p='/bin/mkdir -p'
oldincludedir='/usr/include'
pdfdir='${docdir}'
prefix='/usr/local'
program_transform_name='s,x,x,'
psdir='${docdir}'
sbindir='${exec_prefix}/sbin'
sharedstatedir='${prefix}/com'
sysconfdir='${prefix}/etc'
target_alias=''
themedir='${datadir}/icons/Tango'

## ----------- ##
## confdefs.h. ##
## ----------- ##

#define PACKAGE_NAME "tango-icon-theme"
#define PACKAGE_TARNAME "tango-icon-theme"
#define PACKAGE_VERSION "0.8.90"
#define PACKAGE_STRING "tango-icon-theme 0.8.90"
#define PACKAGE_BUGREPORT ""
#define PACKAGE "tango-icon-theme"
#define VERSION "0.8.90"
#define STDC_HEADERS 1
#define HAVE_SYS_TYPES_H 1
#define HAVE_SYS_STAT_H 1
#define HAVE_STDLIB_H 1
#define HAVE_STRING_H 1
#define HAVE_MEMORY_H 1
#define HAVE_STRINGS_H 1
#define HAVE_INTTYPES_H 1
#define HAVE_STDINT_H 1
#define HAVE_UNISTD_H 1
#define HAVE_LOCALE_H 1
#define HAVE_LC_MESSAGES 1
#define HAVE_BIND_TEXTDOMAIN_CODESET 1
#define HAVE_GETTEXT 1
#define HAVE_DCGETTEXT 1
#define ENABLE_NLS 1

configure: exit 0
